<?xml version="1.0" encoding="UTF-8"?>
<!-- Generated by org.testng.reporters.JUnitXMLReporter -->
<testsuite ignored="0" hostname="SALMA-THASNI" failures="0" tests="10" name="ChromeTest" time="27.501" errors="0" timestamp="2025-12-09T12:07:12 IST">
  <testcase classname="testscript.ManageCategoryTest" name="validateThatUserIsAbleToManageCategories" time="2.469"/>
  <testcase classname="testscript.AdminUsersTest" name="verifyThatUserIsAbleToNavigateToAdminUsersPage" time="1.199"/>
  <testcase classname="testscript.ManageContactTest" name="verifyThatUserIsAbleToManageContact" time="2.207"/>
  <testcase classname="testscript.ManageNewsTest" name="verifyTheUserIsAbleToNavigateToTheManageNewsPage" time="1.908"/>
  <testcase classname="testscript.LogOutTest" name="VerifyThatUserIsAbleToLogOut" time="0.971"/>
  <testcase classname="testscript.ManageFooterTextTest" name="validateThatUserIsAbleToUpdateFooterTextInformation" time="1.774"/>
  <testcase classname="testscript.LoginTest" name="verifyTheUserIsAbleToLoginUsingValidCredentials" time="0.57"/>
  <testcase classname="testscript.LoginTest" name="verifyTheUserIsUnableToLoginUsingInvalidPassword" time="0.345"/>
  <testcase classname="testscript.LoginTest" name="verifyTheUserIsUnableToLoginUsingInvalidUsername" time="0.348"/>
  <testcase classname="testscript.LoginTest" name="verifyTheUserIsUnableToLoginUsingInvalidPasswordAndUsername" time="0.568"/>
</testsuite> <!-- ChromeTest -->
