<?xml version="1.0" encoding="UTF-8"?>
<!-- Generated by org.testng.reporters.JUnitXMLReporter -->
<testsuite ignored="0" hostname="SALMA-THASNI" failures="0" tests="10" name="FirefoxTest" time="55.317" errors="0" timestamp="2025-12-09T12:08:07 IST">
  <testcase classname="testscript.ManageCategoryTest" name="validateThatUserIsAbleToManageCategories" time="2.598"/>
  <testcase classname="testscript.AdminUsersTest" name="verifyThatUserIsAbleToNavigateToAdminUsersPage" time="1.335"/>
  <testcase classname="testscript.ManageContactTest" name="verifyThatUserIsAbleToManageContact" time="2.018"/>
  <testcase classname="testscript.ManageNewsTest" name="verifyTheUserIsAbleToNavigateToTheManageNewsPage" time="1.081"/>
  <testcase classname="testscript.LogOutTest" name="VerifyThatUserIsAbleToLogOut" time="0.757"/>
  <testcase classname="testscript.ManageFooterTextTest" name="validateThatUserIsAbleToUpdateFooterTextInformation" time="1.474"/>
  <testcase classname="testscript.LoginTest" name="verifyTheUserIsAbleToLoginUsingValidCredentials" time="0.512"/>
  <testcase classname="testscript.LoginTest" name="verifyTheUserIsUnableToLoginUsingInvalidPassword" time="0.238"/>
  <testcase classname="testscript.LoginTest" name="verifyTheUserIsUnableToLoginUsingInvalidUsername" time="0.252"/>
  <testcase classname="testscript.LoginTest" name="verifyTheUserIsUnableToLoginUsingInvalidPasswordAndUsername" time="0.48"/>
</testsuite> <!-- FirefoxTest -->
