<?xml version="1.0" encoding="UTF-8"?>
<!-- Generated by org.testng.reporters.JUnitReportReporter -->
<testsuite hostname="SALMA-THASNI" failures="0" tests="2" name="testscript.ManageCategoryTest" time="15.714" errors="0" timestamp="2025-12-08T15:06:50 IST" skipped="0">
  <testcase classname="testscript.ManageCategoryTest" name="validateThatUserIsAbleToManageCategories" time="5.941"/>
  <testcase classname="testscript.ManageCategoryTest" name="validateThatUserIsAbleToManageCategories" time="9.773"/>
</testsuite> <!-- testscript.ManageCategoryTest -->
