<?xml version="1.0" encoding="UTF-8"?>
<!-- Generated by org.testng.reporters.JUnitReportReporter -->
<testsuite hostname="SALMA-THASNI" failures="0" tests="2" name="testscript.AdminUsersTest" time="18.680" errors="0" timestamp="2025-12-08T15:06:50 IST" skipped="0">
  <testcase classname="testscript.AdminUsersTest" name="verifyThatUserIsAbleToNavigateToAdminUsersPage" time="10.119"/>
  <testcase classname="testscript.AdminUsersTest" name="verifyThatUserIsAbleToNavigateToAdminUsersPage" time="8.561"/>
</testsuite> <!-- testscript.AdminUsersTest -->
