<?xml version="1.0" encoding="UTF-8"?>
<!-- Generated by org.testng.reporters.JUnitReportReporter -->
<testsuite hostname="SALMA-THASNI" failures="0" tests="4" name="testscript.LoginTest" time="20.275" errors="0" timestamp="2025-11-28T16:40:25 IST" skipped="0">
  <testcase classname="testscript.LoginTest" name="verifyTheUserIsAbleToLoginUsingValidCredentials" time="5.684"/>
  <testcase classname="testscript.LoginTest" name="verifyTheUserIsUnableToLoginUsingInvalidPasswordAndUsername" time="8.595"/>
  <testcase classname="testscript.LoginTest" name="verifyTheUserIsUnableToLoginUsingInvalidPassword" time="3.063"/>
  <testcase classname="testscript.LoginTest" name="verifyTheUserIsUnableToLoginUsingInvalidUsername" time="2.933"/>
</testsuite> <!-- testscript.LoginTest -->
