<?xml version="1.0" encoding="UTF-8"?>
<!-- Generated by org.testng.reporters.JUnitReportReporter -->
<testsuite hostname="SALMA-THASNI" failures="0" tests="2" name="testscript.ManageContactTest" time="36.607" errors="0" timestamp="2025-12-08T15:06:50 IST" skipped="0">
  <testcase classname="testscript.ManageContactTest" name="verifyThatUserIsAbleToManageContact" time="27.043"/>
  <testcase classname="testscript.ManageContactTest" name="verifyThatUserIsAbleToManageContact" time="9.564"/>
</testsuite> <!-- testscript.ManageContactTest -->
