<?xml version="1.0" encoding="UTF-8"?>
<!-- Generated by org.testng.reporters.JUnitReportReporter -->
<testsuite hostname="SALMA-THASNI" failures="0" tests="2" name="testscript.ManageNewsTest" time="22.404" errors="0" timestamp="2025-12-08T15:06:50 IST" skipped="0">
  <testcase classname="testscript.ManageNewsTest" name="verifyTheUserIsAbleToNavigateToTheManageNewsPage" time="13.543"/>
  <testcase classname="testscript.ManageNewsTest" name="verifyTheUserIsAbleToNavigateToTheManageNewsPage" time="8.861"/>
</testsuite> <!-- testscript.ManageNewsTest -->
