<?xml version="1.0" encoding="UTF-8"?>
<!-- Generated by org.testng.reporters.JUnitXMLReporter -->
<testsuite ignored="0" hostname="SALMA-THASNI" failures="0" tests="10" name="Test" time="28.384" errors="0" timestamp="2025-12-09T13:26:15 IST">
  <testcase classname="testscript.ManageCategoryTest" name="validateThatUserIsAbleToManageCategories" time="2.344"/>
  <testcase classname="testscript.AdminUsersTest" name="verifyThatUserIsAbleToNavigateToAdminUsersPage" time="1.227"/>
  <testcase classname="testscript.ManageContactTest" name="verifyThatUserIsAbleToManageContact" time="2.65"/>
  <testcase classname="testscript.ManageNewsTest" name="verifyTheUserIsAbleToNavigateToTheManageNewsPage" time="1.537"/>
  <testcase classname="testscript.LogOutTest" name="VerifyThatUserIsAbleToLogOut" time="0.963"/>
  <testcase classname="testscript.ManageFooterTextTest" name="validateThatUserIsAbleToUpdateFooterTextInformation" time="1.912"/>
  <testcase classname="testscript.LoginTest" name="verifyTheUserIsAbleToLoginUsingValidCredentials" time="0.509"/>
  <testcase classname="testscript.LoginTest" name="verifyTheUserIsUnableToLoginUsingInvalidPassword" time="0.363"/>
  <testcase classname="testscript.LoginTest" name="verifyTheUserIsUnableToLoginUsingInvalidUsername" time="0.351"/>
  <testcase classname="testscript.LoginTest" name="verifyTheUserIsUnableToLoginUsingInvalidPasswordAndUsername" time="0.385"/>
</testsuite> <!-- Test -->
