<?xml version="1.0" encoding="UTF-8"?>
<testng-results ignored="0" total="20" passed="19" failed="0" skipped="1">
  <reporter-output>
  </reporter-output>
  <suite started-at="2025-12-08T15:05:05 IST" name="multibrowsertesting" finished-at="2025-12-08T15:06:49 IST" duration-ms="104469">
    <groups>
      <group name="regression">
        <method signature="AdminUsersTest.verifyThatUserIsAbleToNavigateToAdminUsersPage()[pri:6, instance:testscript.AdminUsersTest@9d5509a]" name="verifyThatUserIsAbleToNavigateToAdminUsersPage" class="testscript.AdminUsersTest"/>
        <method signature="AdminUsersTest.verifyThatUserIsAbleToNavigateToAdminUsersPage()[pri:6, instance:testscript.AdminUsersTest@71e9ddb4]" name="verifyThatUserIsAbleToNavigateToAdminUsersPage" class="testscript.AdminUsersTest"/>
      </group> <!-- regression -->
    </groups>
    <test started-at="2025-12-08T15:05:05 IST" name="ChromeTest" finished-at="2025-12-08T15:06:28 IST" duration-ms="83520">
      <class name="testscript.ManageNewsTest">
        <test-method is-config="true" signature="browserInitialization(java.lang.String)[pri:0, instance:testscript.ManageNewsTest@3b0090a4]" started-at="2025-12-08T15:05:19 IST" name="browserInitialization" finished-at="2025-12-08T15:05:24 IST" duration-ms="4942" status="PASS">
          <params>
            <param index="0">
              <value>
                <![CDATA[Chrome]]>
              </value>
            </param>
          </params>
          <reporter-output>
          </reporter-output>
        </test-method> <!-- browserInitialization -->
        <test-method signature="verifyTheUserIsAbleToNavigateToTheManageNewsPage()[pri:5, instance:testscript.ManageNewsTest@3b0090a4]" started-at="2025-12-08T15:05:24 IST" name="verifyTheUserIsAbleToNavigateToTheManageNewsPage" finished-at="2025-12-08T15:05:32 IST" duration-ms="8596" status="PASS">
          <reporter-output>
          </reporter-output>
        </test-method> <!-- verifyTheUserIsAbleToNavigateToTheManageNewsPage -->
        <test-method is-config="true" signature="browserQuitAndClose(org.testng.ITestResult)[pri:0, instance:testscript.ManageNewsTest@3b0090a4]" started-at="2025-12-08T15:05:32 IST" name="browserQuitAndClose" finished-at="2025-12-08T15:05:32 IST" duration-ms="5" status="PASS">
          <params>
            <param index="0">
              <value>
                <![CDATA[[TestResult name=verifyTheUserIsAbleToNavigateToTheManageNewsPage status=SUCCESS method=ManageNewsTest.verifyTheUserIsAbleToNavigateToTheManageNewsPage()[pri:5, instance:testscript.ManageNewsTest@3b0090a4] output={null}]]]>
              </value>
            </param>
          </params>
          <reporter-output>
          </reporter-output>
        </test-method> <!-- browserQuitAndClose -->
      </class> <!-- testscript.ManageNewsTest -->
      <class name="testscript.LogOutTest">
        <test-method is-config="true" signature="browserInitialization(java.lang.String)[pri:0, instance:testscript.LogOutTest@3cd3e762]" started-at="2025-12-08T15:06:23 IST" name="browserInitialization" finished-at="2025-12-08T15:06:27 IST" duration-ms="3457" status="PASS">
          <params>
            <param index="0">
              <value>
                <![CDATA[Chrome]]>
              </value>
            </param>
          </params>
          <reporter-output>
          </reporter-output>
        </test-method> <!-- browserInitialization -->
        <test-method signature="VerifyThatUserIsAbleToLogOut()[pri:10, instance:testscript.LogOutTest@3cd3e762]" started-at="2025-12-08T15:06:27 IST" name="VerifyThatUserIsAbleToLogOut" finished-at="2025-12-08T15:06:28 IST" duration-ms="1880" status="PASS">
          <reporter-output>
          </reporter-output>
        </test-method> <!-- VerifyThatUserIsAbleToLogOut -->
        <test-method is-config="true" signature="browserQuitAndClose(org.testng.ITestResult)[pri:0, instance:testscript.LogOutTest@3cd3e762]" started-at="2025-12-08T15:06:28 IST" name="browserQuitAndClose" finished-at="2025-12-08T15:06:28 IST" duration-ms="0" status="PASS">
          <params>
            <param index="0">
              <value>
                <![CDATA[[TestResult name=VerifyThatUserIsAbleToLogOut status=SUCCESS method=LogOutTest.VerifyThatUserIsAbleToLogOut()[pri:10, instance:testscript.LogOutTest@3cd3e762] output={null}]]]>
              </value>
            </param>
          </params>
          <reporter-output>
          </reporter-output>
        </test-method> <!-- browserQuitAndClose -->
      </class> <!-- testscript.LogOutTest -->
      <class name="testscript.ManageContactTest">
        <test-method is-config="true" signature="browserInitialization(java.lang.String)[pri:0, instance:testscript.ManageContactTest@179ece50]" started-at="2025-12-08T15:05:41 IST" name="browserInitialization" finished-at="2025-12-08T15:05:54 IST" duration-ms="13004" status="PASS">
          <params>
            <param index="0">
              <value>
                <![CDATA[Chrome]]>
              </value>
            </param>
          </params>
          <reporter-output>
          </reporter-output>
        </test-method> <!-- browserInitialization -->
        <test-method signature="verifyThatUserIsAbleToManageContact()[pri:7, instance:testscript.ManageContactTest@179ece50]" started-at="2025-12-08T15:05:54 IST" name="verifyThatUserIsAbleToManageContact" finished-at="2025-12-08T15:06:08 IST" duration-ms="14039" status="PASS">
          <reporter-output>
          </reporter-output>
        </test-method> <!-- verifyThatUserIsAbleToManageContact -->
        <test-method is-config="true" signature="browserQuitAndClose(org.testng.ITestResult)[pri:0, instance:testscript.ManageContactTest@179ece50]" started-at="2025-12-08T15:06:08 IST" name="browserQuitAndClose" finished-at="2025-12-08T15:06:08 IST" duration-ms="0" status="PASS">
          <params>
            <param index="0">
              <value>
                <![CDATA[[TestResult name=verifyThatUserIsAbleToManageContact status=SUCCESS method=ManageContactTest.verifyThatUserIsAbleToManageContact()[pri:7, instance:testscript.ManageContactTest@179ece50] output={null}]]]>
              </value>
            </param>
          </params>
          <reporter-output>
          </reporter-output>
        </test-method> <!-- browserQuitAndClose -->
      </class> <!-- testscript.ManageContactTest -->
      <class name="testscript.ManageFooterTextTest">
        <test-method is-config="true" signature="browserInitialization(java.lang.String)[pri:0, instance:testscript.ManageFooterTextTest@1fa121e2]" started-at="2025-12-08T15:06:08 IST" name="browserInitialization" finished-at="2025-12-08T15:06:11 IST" duration-ms="2934" status="PASS">
          <params>
            <param index="0">
              <value>
                <![CDATA[Chrome]]>
              </value>
            </param>
          </params>
          <reporter-output>
          </reporter-output>
        </test-method> <!-- browserInitialization -->
        <test-method signature="validateThatUserIsAbleToUpdateFooterTextInformation()[pri:8, instance:testscript.ManageFooterTextTest@1fa121e2]" started-at="2025-12-08T15:06:11 IST" name="validateThatUserIsAbleToUpdateFooterTextInformation" finished-at="2025-12-08T15:06:17 IST" duration-ms="6105" status="PASS">
          <reporter-output>
          </reporter-output>
        </test-method> <!-- validateThatUserIsAbleToUpdateFooterTextInformation -->
        <test-method is-config="true" signature="browserQuitAndClose(org.testng.ITestResult)[pri:0, instance:testscript.ManageFooterTextTest@1fa121e2]" started-at="2025-12-08T15:06:17 IST" name="browserQuitAndClose" finished-at="2025-12-08T15:06:17 IST" duration-ms="1" status="PASS">
          <params>
            <param index="0">
              <value>
                <![CDATA[[TestResult name=validateThatUserIsAbleToUpdateFooterTextInformation status=SUCCESS method=ManageFooterTextTest.validateThatUserIsAbleToUpdateFooterTextInformation()[pri:8, instance:testscript.ManageFooterText