<?xml version="1.0" encoding="UTF-8"?>
<!-- Generated by org.testng.reporters.JUnitXMLReporter -->
<testsuite ignored="0" hostname="SALMA-THASNI" failures="0" tests="4" name="Default test" time="10.544" errors="0" timestamp="2025-12-05T23:03:51 IST">
  <testcase classname="testscript.LoginTest" name="verifyTheUserIsAbleToLoginUsingValidCredentials" time="2.188"/>
  <testcase classname="testscript.LoginTest" name="verifyTheUserIsUnableToLoginUsingInvalidPassword" time="0.62"/>
  <testcase classname="testscript.LoginTest" name="verifyTheUserIsUnableToLoginUsingInvalidPasswordAndUsername" time="0.538"/>
  <testcase classname="testscript.LoginTest" name="verifyTheUserIsUnableToLoginUsingInvalidUsername" time="0.53"/>
</testsuite> <!-- Default test -->
