<?xml version="1.0" encoding="UTF-8"?>
<!-- Generated by org.testng.reporters.JUnitXMLReporter -->
<testsuite ignored="0" hostname="SALMA-THASNI" failures="0" tests="10" name="ChromeTest" time="38.25" errors="0" timestamp="2025-12-08T14:23:53 IST">
  <testcase classname="testscript.LoginTest" name="verifyTheUserIsAbleToLoginUsingValidCredentials" time="2.346"/>
  <testcase classname="testscript.LoginTest" name="verifyTheUserIsUnableToLoginUsingInvalidPassword" time="0.578"/>
  <testcase classname="testscript.LoginTest" name="verifyTheUserIsUnableToLoginUsingInvalidUsername" time="0.598"/>
  <testcase classname="testscript.LoginTest" name="verifyTheUserIsUnableToLoginUsingInvalidPasswordAndUsername" time="0.659"/>
  <testcase classname="testscript.ManageNewsTest" name="verifyTheUserIsAbleToNavigateToTheManageNewsPage" time="2.131"/>
  <testcase classname="testscript.AdminUsersTest" name="verifyThatUserIsAbleToNavigateToAdminUsersPage" time="2.594"/>
  <testcase classname="testscript.ManageContactTest" name="verifyThatUserIsAbleToManageContact" time="3.973"/>
  <testcase classname="testscript.ManageFooterTextTest" name="validateThatUserIsAbleToUpdateFooterTextInformation" time="2.552"/>
  <testcase classname="testscript.ManageCategoryTest" name="validateThatUserIsAbleToManageCategories" time="2.738"/>
  <testcase classname="testscript.LogOutTest" name="VerifyThatUserIsAbleToLogOut" time="1.341"/>
</testsuite> <!-- ChromeTest -->
