<?xml version="1.0" encoding="UTF-8"?>
<!-- Generated by org.testng.reporters.JUnitXMLReporter -->
<testsuite ignored="0" hostname="SALMA-THASNI" failures="0" tests="10" name="FirefoxTest" time="194.564" errors="0" timestamp="2025-12-09T12:02:07 IST">
  <testcase classname="testscript.LoginTest" name="verifyTheUserIsAbleToLoginUsingValidCredentials" time="1.37"/>
  <testcase classname="testscript.LoginTest" name="verifyTheUserIsUnableToLoginUsingInvalidPassword" time="0.439"/>
  <testcase classname="testscript.LoginTest" name="verifyTheUserIsUnableToLoginUsingInvalidUsername" time="0.472"/>
  <testcase classname="testscript.LoginTest" name="verifyTheUserIsUnableToLoginUsingInvalidPasswordAndUsername" time="0.548"/>
  <testcase classname="testscript.ManageNewsTest" name="verifyTheUserIsAbleToNavigateToTheManageNewsPage" time="6.252"/>
  <testcase classname="testscript.AdminUsersTest" name="verifyThatUserIsAbleToNavigateToAdminUsersPage" time="1.677"/>
  <testcase classname="testscript.ManageContactTest" name="verifyThatUserIsAbleToManageContact" time="2.818"/>
  <testcase classname="testscript.ManageFooterTextTest" name="validateThatUserIsAbleToUpdateFooterTextInformation" time="3.698"/>
  <testcase classname="testscript.ManageCategoryTest" name="validateThatUserIsAbleToManageCategories" time="4.965"/>
  <testcase classname="testscript.LogOutTest" name="VerifyThatUserIsAbleToLogOut" time="0.82"/>
</testsuite> <!-- FirefoxTest -->
